The system is: Windows - 10.0.19044 - AMD64
Compiling the C compiler identification source file "CMakeCCompilerId.c" succeeded.
Compiler: C:/Program Files/Microsoft Visual Studio/2022/Community/VC/Tools/MSVC/14.33.31629/bin/Hostx86/x64/cl.exe 
Build flags: 
Id flags:  

The output was:
0
Compilador de optimización de C/C++ de Microsoft (R) versión 19.33.31630 para x64
(C) Microsoft Corporation. Todos los derechos reservados.

CMakeCCompilerId.c
Microsoft (R) Incremental Linker Version 14.33.31630.0
Copyright (C) Microsoft Corporation.  All rights reserved.

/out:CMakeCCompilerId.exe 
CMakeCCompilerId.obj 


Compilation of the C compiler identification source "CMakeCCompilerId.c" produced "CMakeCCompilerId.exe"

Compilation of the C compiler identification source "CMakeCCompilerId.c" produced "CMakeCCompilerId.obj"

The C compiler identification is MSVC, found in "C:/Users/papel/4/teleoperacion/P4/matMsgs/matlab_msg_gen_ros1/win64/build/CMakeFiles/3.19.7/CompilerIdC/CMakeCCompilerId.exe"

Compiling the CXX compiler identification source file "CMakeCXXCompilerId.cpp" succeeded.
Compiler: C:/Program Files/Microsoft Visual Studio/2022/Community/VC/Tools/MSVC/14.33.31629/bin/Hostx86/x64/cl.exe 
Build flags: 
Id flags:  

The output was:
0
Compilador de optimización de C/C++ de Microsoft (R) versión 19.33.31630 para x64
(C) Microsoft Corporation. Todos los derechos reservados.

CMakeCXXCompilerId.cpp
Microsoft (R) Incremental Linker Version 14.33.31630.0
Copyright (C) Microsoft Corporation.  All rights reserved.

/out:CMakeCXXCompilerId.exe 
CMakeCXXCompilerId.obj 


Compilation of the CXX compiler identification source "CMakeCXXCompilerId.cpp" produced "CMakeCXXCompilerId.exe"

Compilation of the CXX compiler identification source "CMakeCXXCompilerId.cpp" produced "CMakeCXXCompilerId.obj"

The CXX compiler identification is MSVC, found in "C:/Users/papel/4/teleoperacion/P4/matMsgs/matlab_msg_gen_ros1/win64/build/CMakeFiles/3.19.7/CompilerIdCXX/CMakeCXXCompilerId.exe"

Detecting C compiler ABI info compiled with the following output:
Change Dir: C:/Users/papel/4/teleoperacion/P4/matMsgs/matlab_msg_gen_ros1/win64/build/CMakeFiles/CMakeTmp

Run Build Command(s):C:/PROGRA~1/MATLAB/R2022b/toolbox/shared/coder/ninja/win64/ninja.exe cmTC_486e1 && [1/2] Building C object CMakeFiles\cmTC_486e1.dir\CMakeCCompilerABI.c.obj
Nota: inclusión del archivo: C:\Program Files\MATLAB\R2022b\bin\win64\cmake\share\cmake-3.19\Modules\CMakeCompilerABI.h
[2/2] Linking C executable cmTC_486e1.exe



Detecting CXX compiler ABI info compiled with the following output:
Change Dir: C:/Users/papel/4/teleoperacion/P4/matMsgs/matlab_msg_gen_ros1/win64/build/CMakeFiles/CMakeTmp

Run Build Command(s):C:/PROGRA~1/MATLAB/R2022b/toolbox/shared/coder/ninja/win64/ninja.exe cmTC_e3607 && [1/2] Building CXX object CMakeFiles\cmTC_e3607.dir\CMakeCXXCompilerABI.cpp.obj
Nota: inclusión del archivo: C:\Program Files\MATLAB\R2022b\bin\win64\cmake\share\cmake-3.19\Modules\CMakeCompilerABI.h
[2/2] Linking CXX executable cmTC_e3607.exe



